Using pre-set license
Built from '2020.3/staging' branch; Version is '2020.3.23f1 (c5d91304a876) revision 12966163'; Using compiler version '192528614'; Build Type 'Release'
OS: 'Windows 10 Enterprise; OS build 19044.1348; Version 2009; 64bit' Language: 'en' Physical Memory: 16086 MB
BatchMode: 1, IsHumanControllingUs: 0, StartBugReporterOnCrash: 0, Is64bit: 1, IsPro: 0

COMMAND LINE ARGUMENTS:
C:\Program Files\Unity\Hub\Editor\2020.3.23f1\Editor\Unity.exe
-adb2
-batchMode
-noUpm
-name
AssetImportWorker0
-projectPath
C:/Users/pinar.bulbul/Desktop/GAZİ Ders/UnityRepo/CarRaceGame
-logFile
Logs/AssetImportWorker0.log
-srvPort
60046
Successfully changed project path to: C:/Users/pinar.bulbul/Desktop/GAZİ Ders/UnityRepo/CarRaceGame
C:/Users/pinar.bulbul/Desktop/GAZİ Ders/UnityRepo/CarRaceGame
Using Asset Import Pipeline V2.
Refreshing native plugins compatible for Editor in 100.21 ms, found 2 plugins.
Preloading 0 native plugins for Editor in 0.00 ms.
Initialize engine version: 2020.3.23f1 (c5d91304a876)
[Subsystems] Discovering subsystems at path C:/Program Files/Unity/Hub/Editor/2020.3.23f1/Editor/Data/Resources/UnitySubsystems
[Subsystems] Discovering subsystems at path C:/Users/pinar.bulbul/Desktop/GAZİ Ders/UnityRepo/CarRaceGame/Assets
GfxDevice: creating device client; threaded=0
Direct3D:
    Version:  Direct3D 11.0 [level 11.1]
    Renderer: NVIDIA GeForce MX450 (ID=0x1f97)
    Vendor:   
    VRAM:     1928 MB
    Driver:   30.0.14.7180
Initialize mono
Mono path[0] = 'C:/Program Files/Unity/Hub/Editor/2020.3.23f1/Editor/Data/Managed'
Mono path[1] = 'C:/Program Files/Unity/Hub/Editor/2020.3.23f1/Editor/Data/MonoBleedingEdge/lib/mono/unityjit'
Mono config path = 'C:/Program Files/Unity/Hub/Editor/2020.3.23f1/Editor/Data/MonoBleedingEdge/etc'
Using monoOptions --debugger-agent=transport=dt_socket,embedding=1,server=y,suspend=n,address=127.0.0.1:56628
Begin MonoManager ReloadAssembly
Registering precompiled unity dll's ...
Register platform support module: C:/Program Files/Unity/Hub/Editor/2020.3.23f1/Editor/Data/PlaybackEngines/WindowsStandaloneSupport/UnityEditor.WindowsStandalone.Extensions.dll
Registered in 0.004801 seconds.
Native extension for WindowsStandalone target not found
Refreshing native plugins compatible for Editor in 104.90 ms, found 2 plugins.
Preloading 0 native plugins for Editor in 0.00 ms.
Mono: successfully reloaded assembly
- Completed reload, in  1.611 seconds
Domain Reload Profiling:
	ReloadAssembly (1611ms)
		BeginReloadAssembly (139ms)
			ExecutionOrderSort (0ms)
			DisableScriptedObjects (0ms)
			BackupInstance (0ms)
			ReleaseScriptingObjects (0ms)
			CreateAndSetChildDomain (1ms)
		EndReloadAssembly (1232ms)
			LoadAssemblies (140ms)
			RebuildTransferFunctionScriptingTraits (0ms)
			SetupTypeCache (419ms)
			ReleaseScriptCaches (0ms)
			RebuildScriptCaches (89ms)
			SetupLoadedEditorAssemblies (439ms)
				LogAssemblyErrors (0ms)
				InitializePlatformSupportModulesInManaged (9ms)
				SetLoadedEditorAssemblies (0ms)
				RefreshPlugins (105ms)
				BeforeProcessingInitializeOnLoad (24ms)
				ProcessInitializeOnLoadAttributes (232ms)
				ProcessInitializeOnLoadMethodAttributes (68ms)
				AfterProcessingInitializeOnLoad (0ms)
				EditorAssembliesLoaded (0ms)
			ExecutionOrderSort2 (0ms)
			AwakeInstancesAfterBackupRestoration (0ms)
Platform modules already initialized, skipping
Registering precompiled user dll's ...
Registered in 0.011859 seconds.
Begin MonoManager ReloadAssembly
Native extension for WindowsStandalone target not found
Refreshing native plugins compatible for Editor in 0.58 ms, found 2 plugins.
Preloading 0 native plugins for Editor in 0.00 ms.
Mono: successfully reloaded assembly
- Completed reload, in  2.353 seconds
Domain Reload Profiling:
	ReloadAssembly (2355ms)
		BeginReloadAssembly (344ms)
			ExecutionOrderSort (0ms)
			DisableScriptedObjects (10ms)
			BackupInstance (0ms)
			ReleaseScriptingObjects (0ms)
			CreateAndSetChildDomain (32ms)
		EndReloadAssembly (1873ms)
			LoadAssemblies (210ms)
			RebuildTransferFunctionScriptingTraits (0ms)
			SetupTypeCache (670ms)
			ReleaseScriptCaches (1ms)
			RebuildScriptCaches (102ms)
			SetupLoadedEditorAssemblies (708ms)
				LogAssemblyErrors (0ms)
				InitializePlatformSupportModulesInManaged (9ms)
				SetLoadedEditorAssemblies (1ms)
				RefreshPlugins (1ms)
				BeforeProcessingInitializeOnLoad (145ms)
				ProcessInitializeOnLoadAttributes (518ms)
				ProcessInitializeOnLoadMethodAttributes (21ms)
				AfterProcessingInitializeOnLoad (13ms)
				EditorAssembliesLoaded (0ms)
			ExecutionOrderSort2 (0ms)
			AwakeInstancesAfterBackupRestoration (13ms)
Platform modules already initialized, skipping
========================================================================
Worker process is ready to serve import requests
Launched and connected shader compiler UnityShaderCompiler.exe after 0.12 seconds
Refreshing native plugins compatible for Editor in 0.39 ms, found 2 plugins.
Preloading 0 native plugins for Editor in 0.00 ms.
Unloading 1498 Unused Serialized files (Serialized files now loaded: 0)
System memory in use before: 67.3 MB.
System memory in use after: 67.4 MB.

Unloading 19 unused Assets to reduce memory usage. Loaded Objects now: 1930.
Total: 2.909100 ms (FindLiveObjects: 0.139000 ms CreateObjectMapping: 0.041600 ms MarkObjects: 2.654800 ms  DeleteObjects: 0.072000 ms)

AssetImportParameters requested are different than current active one (requested -> active):
  custom:framework-win-MediaFoundation: 216162199b28c13a410421893ffa2e32 -> 
  custom:video-decoder-ogg-theora: a1e56fd34408186e4bbccfd4996cb3dc -> 
  custom:container-muxer-webm: aa71ff27fc2769a1b78a27578f13a17b -> 
  custom:container-demuxer-webm: 4f35f7cbe854078d1ac9338744f61a02 -> 
  custom:container-demuxer-ogg: 62fdf1f143b41e24485cea50d1cbac27 -> 
  custom:video-encoder-webm-vp8: eb34c28f22e8b96e1ab97ce403110664 -> 
  custom:video-decoder-webm-vp8: 9c59270c3fd7afecdb556c50c9e8de78 -> 
  custom:audio-decoder-ogg-vorbis: bf7c407c2cedff20999df2af8eb42d56 -> 
  custom:audio-encoder-webm-vorbis: bf7c407c2cedff20999df2af8eb42d56 -> 
========================================================================
Received Import Request.
  path: Assets/ARCADE - FREE Racing Car/Prefabs/Free_Racing_Car_Yellow.prefab
  artifactKey: Guid(400ae1c92d3d7164c98601f4394b0931) Importer(815301076,1909f56bfc062723c751e8b465ee728b)
Start importing Assets/ARCADE - FREE Racing Car/Prefabs/Free_Racing_Car_Yellow.prefab using Guid(400ae1c92d3d7164c98601f4394b0931) Importer(815301076,1909f56bfc062723c751e8b465ee728b)  -> (artifact id: '663823c9ba0853f4f85112875a054f15') in 0.855990 seconds 
  Import took 0.859234 seconds .

========================================================================
Received Import Request.
  Time since last request: 0.000278 seconds.
  path: Assets/ARCADE - FREE Racing Car/Prefabs/Free_Racing_Car_Carbon.prefab
  artifactKey: Guid(0f7265637d2c58d49a57253b2879a946) Importer(815301076,1909f56bfc062723c751e8b465ee728b)
Start importing Assets/ARCADE - FREE Racing Car/Prefabs/Free_Racing_Car_Carbon.prefab using Guid(0f7265637d2c58d49a57253b2879a946) Importer(815301076,1909f56bfc062723c751e8b465ee728b)  -> (artifact id: 'fe33809606946f833bac2b001b4f4fc1') in 0.015861 seconds 
  Import took 0.019683 seconds .

========================================================================
Received Import Request.
  Time since last request: 0.000352 seconds.
  path: Assets/ARCADE - FREE Racing Car/More cars.png
  artifactKey: Guid(d12c0013fcfea9e4a9ee272bfaaec870) Importer(815301076,1909f56bfc062723c751e8b465ee728b)
Start importing Assets/ARCADE - FREE Racing Car/More cars.png using Guid(d12c0013fcfea9e4a9ee272bfaaec870) Importer(815301076,1909f56bfc062723c751e8b465ee728b)  -> (artifact id: '6b3f9b28367311a1cdeb7c3114fa18ef') in 0.119292 seconds 
  Import took 0.124704 seconds .

========================================================================
Received Import Request.
  Time since last request: 0.000545 seconds.
  path: Assets/ARCADE - FREE Racing Car/Prefabs/Free_Racing_Car_Blue.prefab
  artifactKey: Guid(6dfc700a1205ddf49b448178a2b00e98) Importer(815301076,1909f56bfc062723c751e8b465ee728b)
Start importing Assets/ARCADE - FREE Racing Car/Prefabs/Free_Racing_Car_Blue.prefab using Guid(6dfc700a1205ddf49b448178a2b00e98) Importer(815301076,1909f56bfc062723c751e8b465ee728b)  -> (artifact id: 'c528040c54854adab2fb0ab5cc57b204') in 0.026903 seconds 
  Import took 0.034187 seconds .

========================================================================
Received Import Request.
  Time since last request: 0.000428 seconds.
  path: Assets/ARCADE - FREE Racing Car/Prefabs
  artifactKey: Guid(87eba6af4c0e3ef4592345ff00d6be5f) Importer(815301076,1909f56bfc062723c751e8b465ee728b)
Start importing Assets/ARCADE - FREE Racing Car/Prefabs using Guid(87eba6af4c0e3ef4592345ff00d6be5f) Importer(815301076,1909f56bfc062723c751e8b465ee728b)  -> (artifact id: '993ba5649f923d2906b749cd775c0227') in 0.007475 seconds 
  Import took 0.013135 seconds .

========================================================================
Received Import Request.
  Time since last request: 0.000286 seconds.
  path: Assets/ARCADE - FREE Racing Car/Prefabs/Free_Racing_Car_Gray.prefab
  artifactKey: Guid(f8c4c684ae669b44b92b76f083b3d84d) Importer(815301076,1909f56bfc062723c751e8b465ee728b)
Start importing Assets/ARCADE - FREE Racing Car/Prefabs/Free_Racing_Car_Gray.prefab using Guid(f8c4c684ae669b44b92b76f083b3d84d) Importer(815301076,1909f56bfc062723c751e8b465ee728b)  -> (artifact id: 'cf9e5cd9427d8bf302fb172fb8651372') in 0.028422 seconds 
  Import took 0.033316 seconds .

========================================================================
Received Import Request.
  Time since last request: 0.000376 seconds.
  path: Assets/ARCADE - FREE Racing Car/Prefabs/Free_Racing_Car_Red.prefab
  artifactKey: Guid(b471b549ed0cf0b42b15b41a16e07b88) Importer(815301076,1909f56bfc062723c751e8b465ee728b)
Start importing Assets/ARCADE - FREE Racing Car/Prefabs/Free_Racing_Car_Red.prefab using Guid(b471b549ed0cf0b42b15b41a16e07b88) Importer(815301076,1909f56bfc062723c751e8b465ee728b)  -> (artifact id: 'ed991e19f9f4f6d963542df9bed9ad34') in 0.025404 seconds 
  Import took 0.031494 seconds .

========================================================================
Received Import Request.
  Time since last request: 8.366419 seconds.
  path: Assets/ARCADE - FREE Racing Car/Meshes/Free_Racing_Car_Blue.fbx
  artifactKey: Guid(1f768f0d5a5dc9e48941608a2f58f511) Importer(815301076,1909f56bfc062723c751e8b465ee728b)
Start importing Assets/ARCADE - FREE Racing Car/Meshes/Free_Racing_Car_Blue.fbx using Guid(1f768f0d5a5dc9e48941608a2f58f511) Importer(815301076,1909f56bfc062723c751e8b465ee728b)  -> (artifact id: '41ff3926481c043125369d4fd0d11311') in 0.417424 seconds 
  Import took 0.422281 seconds .

========================================================================
Received Import Request.
  Time since last request: 0.000627 seconds.
  path: Assets/ARCADE - FREE Racing Car/Meshes/Free_Racing_Car_Red.fbx
  artifactKey: Guid(89f34d6067f7736469b3740d4612eaf6) Importer(815301076,1909f56bfc062723c751e8b465ee728b)
Start importing Assets/ARCADE - FREE Racing Car/Meshes/Free_Racing_Car_Red.fbx using Guid(89f34d6067f7736469b3740d4612eaf6) Importer(815301076,1909f56bfc062723c751e8b465ee728b)  -> (artifact id: '11e0dba5ce2f46c1d007e5eb526be771') in 0.130569 seconds 
  Import took 0.134532 seconds .

========================================================================
Received Import Request.
  Time since last request: 0.000573 seconds.
  path: Assets/ARCADE - FREE Racing Car/Meshes/Free_Racing_Car_Gray.fbx
  artifactKey: Guid(f2845fe9efc6c254eb94d232be76ea51) Importer(815301076,1909f56bfc062723c751e8b465ee728b)
Start importing Assets/ARCADE - FREE Racing Car/Meshes/Free_Racing_Car_Gray.fbx using Guid(f2845fe9efc6c254eb94d232be76ea51) Importer(815301076,1909f56bfc062723c751e8b465ee728b)  -> (artifact id: 'a41f4be6eb31eb0757dec0ea66aa0a1b') in 0.133722 seconds 
  Import took 0.139401 seconds .

========================================================================
Received Import Request.
  Time since last request: 0.000622 seconds.
  path: Assets/ARCADE - FREE Racing Car/Meshes/Free_Racing_Car_Yellow.fbx
  artifactKey: Guid(30aed299437d3c64aaf1214d48491023) Importer(815301076,1909f56bfc062723c751e8b465ee728b)
Start importing Assets/ARCADE - FREE Racing Car/Meshes/Free_Racing_Car_Yellow.fbx using Guid(30aed299437d3c64aaf1214d48491023) Importer(815301076,1909f56bfc062723c751e8b465ee728b)  -> (artifact id: '7d1621580bd52811b54d2c952f917de6') in 0.128118 seconds 
  Import took 0.132834 seconds .

========================================================================
Received Import Request.
  Time since last request: 0.000643 seconds.
  path: Assets/ARCADE - FREE Racing Car/Meshes/Road.fbx
  artifactKey: Guid(ab2e556b62273434dad486c1e0a4ebf9) Importer(815301076,1909f56bfc062723c751e8b465ee728b)
Start importing Assets/ARCADE - FREE Racing Car/Meshes/Road.fbx using Guid(ab2e556b62273434dad486c1e0a4ebf9) Importer(815301076,1909f56bfc062723c751e8b465ee728b)  -> (artifact id: '22408e2fbcc8802b259e2cbaf3a06f6b') in 0.078601 seconds 
  Import took 0.084432 seconds .

========================================================================
Received Import Request.
  Time since last request: 0.000537 seconds.
  path: Assets/ARCADE - FREE Racing Car/Meshes/Free_Racing_Car_Carbon.fbx
  artifactKey: Guid(09f57a5ba9f33584a8118fed10afd1a0) Importer(815301076,1909f56bfc062723c751e8b465ee728b)
Start importing Assets/ARCADE - FREE Racing Car/Meshes/Free_Racing_Car_Carbon.fbx using Guid(09f57a5ba9f33584a8118fed10afd1a0) Importer(815301076,1909f56bfc062723c751e8b465ee728b)  -> (artifact id: '213d8b7f5f95ebbb79a89df95c84e710') in 0.116591 seconds 
  Import took 0.121366 seconds .

========================================================================
Received Import Request.
  Time since last request: 0.001176 seconds.
  path: Assets/ARCADE - FREE Racing Car/Materials/Free_Car_Texture_Atlas_Lights.mat
  artifactKey: Guid(ab035d7682921704a9015ac353311d57) Importer(815301076,1909f56bfc062723c751e8b465ee728b)
Start importing Assets/ARCADE - FREE Racing Car/Materials/Free_Car_Texture_Atlas_Lights.mat using Guid(ab035d7682921704a9015ac353311d57) Importer(815301076,1909f56bfc062723c751e8b465ee728b)  -> (artifact id: '548ff6abaf9ff5c842356676f3a4e737') in 6.843494 seconds 
  Import took 6.848242 seconds .

========================================================================
Received Import Request.
  Time since last request: 0.000592 seconds.
  path: Assets/ARCADE - FREE Racing Car/Prefabs With Colliders/Free_Racing_Car_Carbon.prefab
  artifactKey: Guid(977989d2fe6005f45b5e95322f725b60) Importer(815301076,1909f56bfc062723c751e8b465ee728b)
Start importing Assets/ARCADE - FREE Racing Car/Prefabs With Colliders/Free_Racing_Car_Carbon.prefab using Guid(977989d2fe6005f45b5e95322f725b60) Importer(815301076,1909f56bfc062723c751e8b465ee728b)  -> (artifact id: 'ab93f071b644c97beaac2d66cb7adb62') in 0.022685 seconds 
  Import took 0.027369 seconds .

========================================================================
Received Import Request.
  Time since last request: 0.000652 seconds.
  path: Assets/ARCADE - FREE Racing Car/Prefabs With Colliders/Free_Racing_Car_Gray.prefab
  artifactKey: Guid(916f361cf05b3c94493197a87a8aca11) Importer(815301076,1909f56bfc062723c751e8b465ee728b)
Start importing Assets/ARCADE - FREE Racing Car/Prefabs With Colliders/Free_Racing_Car_Gray.prefab using Guid(916f361cf05b3c94493197a87a8aca11) Importer(815301076,1909f56bfc062723c751e8b465ee728b)  -> (artifact id: '266dafea49dc97361c2093e93fa75f82') in 0.035758 seconds 
  Import took 0.042316 seconds .

========================================================================
Received Import Request.
  Time since last request: 0.000668 seconds.
  path: Assets/ARCADE - FREE Racing Car/Prefabs With Colliders/Free_Racing_Car_Yellow.prefab
  artifactKey: Guid(e40225560c743554a9857b07e4b535db) Importer(815301076,1909f56bfc062723c751e8b465ee728b)
Start importing Assets/ARCADE - FREE Racing Car/Prefabs With Colliders/Free_Racing_Car_Yellow.prefab using Guid(e40225560c743554a9857b07e4b535db) Importer(815301076,1909f56bfc062723c751e8b465ee728b)  -> (artifact id: 'd0d0c6a7e099127f88d7a2fc6a0de225') in 0.033209 seconds 
  Import took 0.040641 seconds .

========================================================================
Received Import Request.
  Time since last request: 0.000479 seconds.
  path: Assets/ARCADE - FREE Racing Car/Prefabs With Colliders/Free_Racing_Car_Red.prefab
  artifactKey: Guid(ba30d79575a9eff418d68635e8bd06d7) Importer(815301076,1909f56bfc062723c751e8b465ee728b)
Start importing Assets/ARCADE - FREE Racing Car/Prefabs With Colliders/Free_Racing_Car_Red.prefab using Guid(ba30d79575a9eff418d68635e8bd06d7) Importer(815301076,1909f56bfc062723c751e8b465ee728b)  -> (artifact id: 'b75efff0ff8c7abeb2266f72799f9d9c') in 0.028523 seconds 
  Import took 0.034273 seconds .

========================================================================
Received Import Request.
  Time since last request: 0.000603 seconds.
  path: Assets/ARCADE - FREE Racing Car/Prefabs With Colliders/Free_Racing_Car_Blue.prefab
  artifactKey: Guid(a3dc0b97fa55a4943b2e6b5fc23df8dc) Importer(815301076,1909f56bfc062723c751e8b465ee728b)
Start importing Assets/ARCADE - FREE Racing Car/Prefabs With Colliders/Free_Racing_Car_Blue.prefab using Guid(a3dc0b97fa55a4943b2e6b5fc23df8dc) Importer(815301076,1909f56bfc062723c751e8b465ee728b)  -> (artifact id: '8d21b0423aa5d5862197bccf199f77d0') in 0.027828 seconds 
  Import took 0.034694 seconds .

========================================================================
Received Import Request.
  Time since last request: 0.000562 seconds.
  path: Assets/ARCADE - FREE Racing Car/Materials/Free_Car_Texture_Atlas.mat
  artifactKey: Guid(07f44fe3e9c462146a7769b976c50ec4) Importer(815301076,1909f56bfc062723c751e8b465ee728b)
Start importing Assets/ARCADE - FREE Racing Car/Materials/Free_Car_Texture_Atlas.mat using Guid(07f44fe3e9c462146a7769b976c50ec4) Importer(815301076,1909f56bfc062723c751e8b465ee728b)  -> (artifact id: '02339f9348c7ed7d4e5d32d2605718a0') in 0.022600 seconds 
  Import took 0.028258 seconds .

========================================================================
Received Import Request.
  Time since last request: 260.660652 seconds.
  path: Assets/KajamansRoads/Materials/1RoadMat.mat
  artifactKey: Guid(3a7596c57e2138b4c83f87f7b0aa4074) Importer(815301076,1909f56bfc062723c751e8b465ee728b)
Start importing Assets/KajamansRoads/Materials/1RoadMat.mat using Guid(3a7596c57e2138b4c83f87f7b0aa4074) Importer(815301076,1909f56bfc062723c751e8b465ee728b)  -> (artifact id: '780e1ae29c3338a0fef8188a84b00a60') in 0.042890 seconds 
  Import took 0.049941 seconds .

========================================================================
Received Import Request.
  Time since last request: 0.000839 seconds.
  path: Assets/KajamansRoads/Materials/6RoadMob.mat
  artifactKey: Guid(0c77a9b0ac420b847a6657c467b36680) Importer(815301076,1909f56bfc062723c751e8b465ee728b)
Start importing Assets/KajamansRoads/Materials/6RoadMob.mat using Guid(0c77a9b0ac420b847a6657c467b36680) Importer(815301076,1909f56bfc062723c751e8b465ee728b)  -> (artifact id: 'e89af80699acaec0aad3be89ee04025e') in 0.164385 seconds 
  Import took 0.168320 seconds .

========================================================================
Received Import Request.
  Time since last request: 0.000486 seconds.
  path: Assets/KajamansRoads/Materials/PineMat.mat
  artifactKey: Guid(6900649d937cbd64584262b080771b22) Importer(815301076,1909f56bfc062723c751e8b465ee728b)
Start importing Assets/KajamansRoads/Materials/PineMat.mat using Guid(6900649d937cbd64584262b080771b22) Importer(815301076,1909f56bfc062723c751e8b465ee728b)  -> (artifact id: '61a4d4a7eacf109e482d24caaa43077c') in 0.048298 seconds 
  Import took 0.051225 seconds .

========================================================================
Received Import Request.
  Time since last request: 0.000457 seconds.
  path: Assets/KajamansRoads/Materials/GrassMat.mat
  artifactKey: Guid(2e831c083c6337f41b2339e23fbaed5e) Importer(815301076,1909f56bfc062723c751e8b465ee728b)
Start importing Assets/KajamansRoads/Materials/GrassMat.mat using Guid(2e831c083c6337f41b2339e23fbaed5e) Importer(815301076,1909f56bfc062723c751e8b465ee728b)  -> (artifact id: '93e317ed1b7db32c28e211c039bd6037') in 0.020345 seconds 
  Import took 0.024157 seconds .

========================================================================
Received Import Request.
  Time since last request: 0.000451 seconds.
  path: Assets/KajamansRoads/Materials/DirtRoadMat.mat
  artifactKey: Guid(0e2c7a3736bbcf6429b6c142c6bb36bc) Importer(815301076,1909f56bfc062723c751e8b465ee728b)
Start importing Assets/KajamansRoads/Materials/DirtRoadMat.mat using Guid(0e2c7a3736bbcf6429b6c142c6bb36bc) Importer(815301076,1909f56bfc062723c751e8b465ee728b)  -> (artifact id: 'a12810d64af01a1511fe247dd1723da9') in 0.415752 seconds 
  Import took 0.421741 seconds .

========================================================================
Received Import Request.
  Time since last request: 0.000642 seconds.
  path: Assets/KajamansRoads/Materials/GuardRailMob.mat
  artifactKey: Guid(d07e65a7ea4251342bccc1ac50e4f453) Importer(815301076,1909f56bfc062723c751e8b465ee728b)
Start importing Assets/KajamansRoads/Materials/GuardRailMob.mat using Guid(d07e65a7ea4251342bccc1ac50e4f453) Importer(815301076,1909f56bfc062723c751e8b465ee728b)  -> (artifact id: '5784628d3053a4fea182e71a966ff57d') in 0.024854 seconds 
  Import took 0.028410 seconds .

========================================================================
Received Import Request.
  Time since last request: 0.000645 seconds.
  path: Assets/KajamansRoads/Materials/GuardRailMat.mat
  artifactKey: Guid(fd7c9158d78c14b43ba4dfda8af7afa8) Importer(815301076,1909f56bfc062723c751e8b465ee728b)
Start importing Assets/KajamansRoads/Materials/GuardRailMat.mat using Guid(fd7c9158d78c14b43ba4dfda8af7afa8) Importer(815301076,1909f56bfc062723c751e8b465ee728b)  -> (artifact id: 'b0f4b0c99f8e4f52b9b60321695a4765') in 0.025360 seconds 
  Import took 0.028271 seconds .

========================================================================
Received Import Request.
  Time since last request: 0.000397 seconds.
  path: Assets/KajamansRoads/Materials/TreesMob.mat
  artifactKey: Guid(1658da97f5b5f304694dc03502987a3f) Importer(815301076,1909f56bfc062723c751e8b465ee728b)
Start importing Assets/KajamansRoads/Materials/TreesMob.mat using Guid(1658da97f5b5f304694dc03502987a3f) Importer(815301076,1909f56bfc062723c751e8b465ee728b)  -> (artifact id: '3c84be8239e7fc4215d601de336a72eb') in 0.032082 seconds 
  Import took 0.034927 seconds .

========================================================================
Received Import Request.
  Time since last request: 0.000349 seconds.
  path: Assets/KajamansRoads/Materials/6RoadMat.mat
  artifactKey: Guid(81d5ef976824ab9448707292bc4a5884) Importer(815301076,1909f56bfc062723c751e8b465ee728b)
Start importing Assets/KajamansRoads/Materials/6RoadMat.mat using Guid(81d5ef976824ab9448707292bc4a5884) Importer(815301076,1909f56bfc062723c751e8b465ee728b)  -> (artifact id: '21e900d4706b8c611d7eabfcf97d722b') in 0.027689 seconds 
  Import took 0.031158 seconds .

========================================================================
Received Import Request.
  Time since last request: 0.000351 seconds.
  path: Assets/KajamansRoads/Materials/DefaultPhysicsMaterial.physicMaterial
  artifactKey: Guid(942d75633d65e564f9d0bd608fd72c40) Importer(815301076,1909f56bfc062723c751e8b465ee728b)
Start importing Assets/KajamansRoads/Materials/DefaultPhysicsMaterial.physicMaterial using Guid(942d75633d65e564f9d0bd608fd72c40) Importer(815301076,1909f56bfc062723c751e8b465ee728b)  -> (artifact id: '1a64aa7e59f749ce837912107f8ae11f') in 0.011138 seconds 
  Import took 0.015213 seconds .

========================================================================
Received Import Request.
  Time since last request: 0.000294 seconds.
  path: Assets/KajamansRoads/Materials/CornMob.mat
  artifactKey: Guid(722fc5104832c4544b183a83e470029e) Importer(815301076,1909f56bfc062723c751e8b465ee728b)
Start importing Assets/KajamansRoads/Materials/CornMob.mat using Guid(722fc5104832c4544b183a83e470029e) Importer(815301076,1909f56bfc062723c751e8b465ee728b)  -> (artifact id: '2eec963fe43b37c42f0e1b7e8cac43b0') in 0.047169 seconds 
  Import took 0.052153 seconds .

========================================================================
Received Import Request.
  Time since last request: 0.000459 seconds.
  path: Assets/KajamansRoads/Materials/1RoadMob.mat
  artifactKey: Guid(d13de2fe17705894b8d1881d44165e8b) Importer(815301076,1909f56bfc062723c751e8b465ee728b)
Start importing Assets/KajamansRoads/Materials/1RoadMob.mat using Guid(d13de2fe17705894b8d1881d44165e8b) Importer(815301076,1909f56bfc062723c751e8b465ee728b)  -> (artifact id: '39c5bfe7072596c977dbc9daafa9f320') in 0.074982 seconds 
  Import took 0.078640 seconds .

========================================================================
Received Import Request.
  Time since last request: 0.000516 seconds.
  path: Assets/KajamansRoads/Materials/2RoadMat.mat
  artifactKey: Guid(fce506d6213fc8645809d972536683b5) Importer(815301076,1909f56bfc062723c751e8b465ee728b)
Start importing Assets/KajamansRoads/Materials/2RoadMat.mat using Guid(fce506d6213fc8645809d972536683b5) Importer(815301076,1909f56bfc062723c751e8b465ee728b)  -> (artifact id: '42387aeb7571effc50888d9243ee822b') in 0.518271 seconds 
  Import took 0.520613 seconds .

========================================================================
Received Import Request.
  Time since last request: 0.000321 seconds.
  path: Assets/KajamansRoads/Textures/WideTreeLine.png
  artifactKey: Guid(1437ac726a8caf741acb2f78a35f27c9) Importer(815301076,1909f56bfc062723c751e8b465ee728b)
Start importing Assets/KajamansRoads/Textures/WideTreeLine.png using Guid(1437ac726a8caf741acb2f78a35f27c9) Importer(815301076,1909f56bfc062723c751e8b465ee728b)  -> (artifact id: 'f8306d00a478ce28de45511fc9bda8a9') in 0.013395 seconds 
  Import took 0.016038 seconds .

========================================================================
Received Import Request.
  Time since last request: 0.000317 seconds.
  path: Assets/KajamansRoads/Textures/GrassGreenTexture512x512.png
  artifactKey: Guid(d993ba769cd22a143bb9a9c8ad1a9bbe) Importer(815301076,1909f56bfc062723c751e8b465ee728b)
Start importing Assets/KajamansRoads/Textures/GrassGreenTexture512x512.png using Guid(d993ba769cd22a143bb9a9c8ad1a9bbe) Importer(815301076,1909f56bfc062723c751e8b465ee728b)  -> (artifact id: 'e8852fb8f257b6f0bb2eb760f199059b') in 0.018329 seconds 
  Import took 0.021813 seconds .

========================================================================
Received Import Request.
  Time since last request: 0.000337 seconds.
  path: Assets/KajamansRoads/Textures/Road_4lane_dark02_n.png
  artifactKey: Guid(fb29a54e759be6649aaffa8b72c324aa) Importer(815301076,1909f56bfc062723c751e8b465ee728b)
Start importing Assets/KajamansRoads/Textures/Road_4lane_dark02_n.png using Guid(fb29a54e759be6649aaffa8b72c324aa) Importer(815301076,1909f56bfc062723c751e8b465ee728b)  -> (artifact id: '6f03b20e2079fbaa6eb8fd47bec00306') in 0.026190 seconds 
  Import took 0.031264 seconds .

========================================================================
Received Import Request.
  Time since last request: 0.000380 seconds.
  path: Assets/KajamansRoads/Textures/Road_6lane_dark02.png
  artifactKey: Guid(b8c2da5c1a21a2d4db1258e220ecf820) Importer(815301076,1909f56bfc062723c751e8b465ee728b)
Start importing Assets/KajamansRoads/Textures/Road_6lane_dark02.png using Guid(b8c2da5c1a21a2d4db1258e220ecf820) Importer(815301076,1909f56bfc062723c751e8b465ee728b)  -> (artifact id: '3d2aa18906a601c52ed7be136d2ffbba') in 0.018102 seconds 
  Import took 0.022851 seconds .

========================================================================
Received Import Request.
  Time since last request: 0.000380 seconds.
  path: Assets/KajamansRoads/Textures/Guardrails01_n.png
  artifactKey: Guid(e0b521b0906c76b4481b3b24bae4b672) Importer(815301076,1909f56bfc062723c751e8b465ee728b)
Start importing Assets/KajamansRoads/Textures/Guardrails01_n.png using Guid(e0b521b0906c76b4481b3b24bae4b672) Importer(815301076,1909f56bfc062723c751e8b465ee728b)  -> (artifact id: '513dd554387a308634b0bb7167a973f9') in 0.015977 seconds 
  Import took 0.020473 seconds .

========================================================================
Received Import Request.
  Time since last request: 0.000321 seconds.
  path: Assets/KajamansRoads/Textures/GravelRoad_01.png
  artifactKey: Guid(3c9c9bb54551e2842b86a08e686feaba) Importer(815301076,1909f56bfc062723c751e8b465ee728b)
Start importing Assets/KajamansRoads/Textures/GravelRoad_01.png using Guid(3c9c9bb54551e2842b86a08e686feaba) Importer(815301076,1909f56bfc062723c751e8b465ee728b)  -> (artifact id: '6655119204c5a68d0a4d9f1270465f4d') in 0.019730 seconds 
  Import took 0.024641 seconds .

========================================================================
Received Import Request.
  Time since last request: 0.000364 seconds.
  path: Assets/KajamansRoads/Textures/GravelRoad_01_n.png
  artifactKey: Guid(37a3081863cdaf74eb9a690e35bfe94f) Importer(815301076,1909f56bfc062723c751e8b465ee728b)
Start importing Assets/KajamansRoads/Textures/GravelRoad_01_n.png using Guid(37a3081863cdaf74eb9a690e35bfe94f) Importer(815301076,1909f56bfc062723c751e8b465ee728b)  -> (artifact id: '08562b79f7f9c1bc38e035af5092220d') in 0.017785 seconds 
  Import took 0.022467 seconds .

========================================================================
Received Import Request.
  Time since last request: 0.000415 seconds.
  path: Assets/KajamansRoads/Materials/4RoadMat.mat
  artifactKey: Guid(a56ecb4b0075cf0438f4253f983e3286) Importer(815301076,1909f56bfc062723c751e8b465ee728b)
Start importing Assets/KajamansRoads/Materials/4RoadMat.mat using Guid(a56ecb4b0075cf0438f4253f983e3286) Importer(815301076,1909f56bfc062723c751e8b465ee728b)  -> (artifact id: '61e9bb3e7d3ebc2fd5257d4f033531bd') in 0.021957 seconds 
  Import took 0.026778 seconds .

========================================================================
Received Import Request.
  Time since last request: 0.000612 seconds.
  path: Assets/KajamansRoads/Materials/TreesMat.mat
  artifactKey: Guid(b6403be70606b9f41a7c4e6ca4c72178) Importer(815301076,1909f56bfc062723c751e8b465ee728b)
Start importing Assets/KajamansRoads/Materials/TreesMat.mat using Guid(b6403be70606b9f41a7c4e6ca4c72178) Importer(815301076,1909f56bfc062723c751e8b465ee728b)  -> (artifact id: '03dca23016dc4e7193bc7e375683685e') in 0.022177 seconds 
  Import took 0.026714 seconds .

========================================================================
Received Import Request.
  Time since last request: 0.000569 seconds.
  path: Assets/KajamansRoads/Materials/GrassMob.mat
  artifactKey: Guid(8416ef8d926448d478f2d1436d6c6838) Importer(815301076,1909f56bfc062723c751e8b465ee728b)
Start importing Assets/KajamansRoads/Materials/GrassMob.mat using Guid(8416ef8d926448d478f2d1436d6c6838) Importer(815301076,1909f56bfc062723c751e8b465ee728b)  -> (artifact id: '272d3d7c44b44855cfa3de6e7757a04b') in 0.023300 seconds 
  Import took 0.027909 seconds .

========================================================================
Received Import Request.
  Time since last request: 0.000587 seconds.
  path: Assets/KajamansRoads/Textures/Corn01b.png
  artifactKey: Guid(32f4c41cb808c284fac4f01bfcf11414) Importer(815301076,1909f56bfc062723c751e8b465ee728b)
Start importing Assets/KajamansRoads/Textures/Corn01b.png using Guid(32f4c41cb808c284fac4f01bfcf11414) Importer(815301076,1909f56bfc062723c751e8b465ee728b)  -> (artifact id: '9e168a4f4931dba80f8f86a6668b919c') in 0.025587 seconds 
  Import took 0.030254 seconds .

========================================================================
Received Import Request.
  Time since last request: 0.000643 seconds.
  path: Assets/KajamansRoads/Textures/Road_6lane_dark02_n.png
  artifactKey: Guid(af254861f2d322c4282fcbfc9d9695b7) Importer(815301076,1909f56bfc062723c751e8b465ee728b)
Start importing Assets/KajamansRoads/Textures/Road_6lane_dark02_n.png using Guid(af254861f2d322c4282fcbfc9d9695b7) Importer(815301076,1909f56bfc062723c751e8b465ee728b)  -> (artifact id: 'e8e8bc048978cc956191b078ebe22f4a') in 0.018870 seconds 
  Import took 0.024167 seconds .

========================================================================
Received Import Request.
  Time since last request: 0.000550 seconds.
  path: Assets/KajamansRoads/Materials/LeafyMat.mat
  artifactKey: Guid(1e696263d1ac49f409a7af13c0a40468) Importer(815301076,1909f56bfc062723c751e8b465ee728b)
Start importing Assets/KajamansRoads/Materials/LeafyMat.mat using Guid(1e696263d1ac49f409a7af13c0a40468) Importer(815301076,1909f56bfc062723c751e8b465ee728b)  -> (artifact id: 'e55e99c847d9a9981f3effed48af3ae0') in 0.024657 seconds 
  Import took 0.029955 seconds .

========================================================================
Received Import Request.
  Time since last request: 0.000630 seconds.
  path: Assets/KajamansRoads/Materials/CornMat.mat
  artifactKey: Guid(b075f69b3512eb747b85a1f49a275b6e) Importer(815301076,1909f56bfc062723c751e8b465ee728b)
Start importing Assets/KajamansRoads/Materials/CornMat.mat using Guid(b075f69b3512eb747b85a1f49a275b6e) Importer(815301076,1909f56bfc062723c751e8b465ee728b)  -> (artifact id: 'f11ce1caa7f3183c514430ecc22b66b7') in 0.025243 seconds 
  Import took 0.029772 seconds .

========================================================================
Received Import Request.
  Time since last request: 0.000490 seconds.
  path: Assets/KajamansRoads/Textures/Road_1lane_dark01.png
  artifactKey: Guid(47ca022736d30b247a5cdd2e19d8eb5c) Importer(815301076,1909f56bfc062723c751e8b465ee728b)
Start importing Assets/KajamansRoads/Textures/Road_1lane_dark01.png using Guid(47ca022736d30b247a5cdd2e19d8eb5c) Importer(815301076,1909f56bfc062723c751e8b465ee728b)  -> (artifact id: '7fcec70c1a325c388a8ba8fa73abd838') in 0.018257 seconds 
  Import took 0.022806 seconds .

========================================================================
Received Import Request.
  Time since last request: 0.000550 seconds.
  path: Assets/KajamansRoads/Textures/Road_2lane_dark02_n.png
  artifactKey: Guid(3b88c54e1b097ea4f9cbaa7791d4eb88) Importer(815301076,1909f56bfc062723c751e8b465ee728b)
Start importing Assets/KajamansRoads/Textures/Road_2lane_dark02_n.png using Guid(3b88c54e1b097ea4f9cbaa7791d4eb88) Importer(815301076,1909f56bfc062723c751e8b465ee728b)  -> (artifact id: 'b54bdda36311c93bb5b53949a4481a74') in 0.018441 seconds 
  Import took 0.023986 seconds .

========================================================================
Received Import Request.
  Time since last request: 0.000537 seconds.
  path: Assets/KajamansRoads/Textures/Road_4lane_dark02.png
  artifactKey: Guid(26e5d3be41c3ec8488906cfe5a2327ab) Importer(815301076,1909f56bfc062723c751e8b465ee728b)
Start importing Assets/KajamansRoads/Textures/Road_4lane_dark02.png using Guid(26e5d3be41c3ec8488906cfe5a2327ab) Importer(815301076,1909f56bfc062723c751e8b465ee728b)  -> (artifact id: '04d9f32f8bda7344411575638e046879') in 0.021869 seconds 
  Import took 0.027207 seconds .

========================================================================
Received Import Request.
  Time since last request: 0.000445 seconds.
  path: Assets/KajamansRoads/Materials/4RoadMob.mat
  artifactKey: Guid(6ce1fb43cedab4144bae5e1f87517e7a) Importer(815301076,1909f56bfc062723c751e8b465ee728b)
Start importing Assets/KajamansRoads/Materials/4RoadMob.mat using Guid(6ce1fb43cedab4144bae5e1f87517e7a) Importer(815301076,1909f56bfc062723c751e8b465ee728b)  -> (artifact id: '9c29dbdf888479315bd464f7634ea882') in 0.027349 seconds 
  Import took 0.034697 seconds .

========================================================================
Received Import Request.
  Time since last request: 0.000869 seconds.
  path: Assets/KajamansRoads/Textures/Guardrails01.png
  artifactKey: Guid(d0c8825c4e57ebc42ab4f1f4acaf14ed) Importer(815301076,1909f56bfc062723c751e8b465ee728b)
Start importing Assets/KajamansRoads/Textures/Guardrails01.png using Guid(d0c8825c4e57ebc42ab4f1f4acaf14ed) Importer(815301076,1909f56bfc062723c751e8b465ee728b)  -> (artifact id: '2f24711f3a8b0e1ab48d8b65287591d8') in 0.017652 seconds 
  Import took 0.022612 seconds .

========================================================================
Received Import Request.
  Time since last request: 0.000628 seconds.
  path: Assets/KajamansRoads/Textures/MyListTree02b.png
  artifactKey: Guid(fc603b4bb27e4ca419431f0579129b6e) Importer(815301076,1909f56bfc062723c751e8b465ee728b)
Start importing Assets/KajamansRoads/Textures/MyListTree02b.png using Guid(fc603b4bb27e4ca419431f0579129b6e) Importer(815301076,1909f56bfc062723c751e8b465ee728b)  -> (artifact id: 'e1fdce62aa0c871e0c5a83e1632ef9ee') in 0.026936 seconds 
  Import took 0.032940 seconds .

========================================================================
Received Import Request.
  Time since last request: 0.000484 seconds.
  path: Assets/KajamansRoads/Textures/DemoName01.png
  artifactKey: Guid(e752658a8b96fdd4dadb427ac9d6a390) Importer(815301076,1909f56bfc062723c751e8b465ee728b)
Start importing Assets/KajamansRoads/Textures/DemoName01.png using Guid(e752658a8b96fdd4dadb427ac9d6a390) Importer(815301076,1909f56bfc062723c751e8b465ee728b)  -> (artifact id: '7a9a54362c518fd7cd97919dfa761876') in 0.052677 seconds 
  Import took 0.059055 seconds .

========================================================================
Received Import Request.
  Time since last request: 0.000525 seconds.
  path: Assets/KajamansRoads/Materials/2RoadMob.mat
  artifactKey: Guid(ddf1b20df9693fa4bbdc3319e0fc8b65) Importer(815301076,1909f56bfc062723c751e8b465ee728b)
Start importing Assets/KajamansRoads/Materials/2RoadMob.mat using Guid(ddf1b20df9693fa4bbdc3319e0fc8b65) Importer(815301076,1909f56bfc062723c751e8b465ee728b)  -> (artifact id: 'cb31c993e78154e618d85d990a14e0f8') in 0.023711 seconds 
  Import took 0.030901 seconds .

========================================================================
Received Import Request.
  Time since last request: 0.000528 seconds.
  path: Assets/KajamansRoads/Textures/byKajaman.png
  artifactKey: Guid(46dddbf021c75a846ad5ca6eece444ef) Importer(815301076,1909f56bfc062723c751e8b465ee728b)
Start importing Assets/KajamansRoads/Textures/byKajaman.png using Guid(46dddbf021c75a846ad5ca6eece444ef) Importer(815301076,1909f56bfc062723c751e8b465ee728b)  -> (artifact id: '83817eeb93d1e5d9c1260d8b0ae6d03d') in 0.030628 seconds 
  Import took 0.037030 seconds .

========================================================================
Received Import Request.
  Time since last request: 0.000494 seconds.
  path: Assets/KajamansRoads/Textures/MyPineTree04.png
  artifactKey: Guid(584bc70abf917a447ada29e5833532aa) Importer(815301076,1909f56bfc062723c751e8b465ee728b)
Start importing Assets/KajamansRoads/Textures/MyPineTree04.png using Guid(584bc70abf917a447ada29e5833532aa) Importer(815301076,1909f56bfc062723c751e8b465ee728b)  -> (artifact id: '132dff9ce94a8c6366ef5e31dad5e610') in 0.024884 seconds 
  Import took 0.030765 seconds .

========================================================================
Received Import Request.
  Time since last request: 0.000562 seconds.
  path: Assets/KajamansRoads/Materials/DirtRoadMob.mat
  artifactKey: Guid(bb1c5d5e8f23ff14c9a32795bfea3a76) Importer(815301076,1909f56bfc062723c751e8b465ee728b)
Start importing Assets/KajamansRoads/Materials/DirtRoadMob.mat using Guid(bb1c5d5e8f23ff14c9a32795bfea3a76) Importer(815301076,1909f56bfc062723c751e8b465ee728b)  -> (artifact id: '74548102caa9c880540e9d6e5fec7e9f') in 0.027573 seconds 
  Import took 0.033984 seconds .

========================================================================
Received Import Request.
  Time since last request: 0.000602 seconds.
  path: Assets/KajamansRoads/Textures/Road_2lane_dark02.png
  artifactKey: Guid(569aa5e3c5b35dd4a95a1c27836396fd) Importer(815301076,1909f56bfc062723c751e8b465ee728b)
Start importing Assets/KajamansRoads/Textures/Road_2lane_dark02.png using Guid(569aa5e3c5b35dd4a95a1c27836396fd) Importer(815301076,1909f56bfc062723c751e8b465ee728b)  -> (artifact id: '8beaa3eb60f88626f8becf5e02b1a8a5') in 0.026901 seconds 
  Import took 0.033492 seconds .

========================================================================
Received Import Request.
  Time since last request: 2.735096 seconds.
  path: Assets/KajamansRoads/Free/Meshes/l10km_cc4_sl20_t(12123025)_A87113010_Alley.asset
  artifactKey: Guid(0a80fb73f5204284a87dc26ff5f08dd7) Importer(815301076,1909f56bfc062723c751e8b465ee728b)
Start importing Assets/KajamansRoads/Free/Meshes/l10km_cc4_sl20_t(12123025)_A87113010_Alley.asset using Guid(0a80fb73f5204284a87dc26ff5f08dd7) Importer(815301076,1909f56bfc062723c751e8b465ee728b)  -> (artifact id: '3dc63a7f68dea9cedc538b5cbdebe824') in 0.033642 seconds 
  Import took 0.039936 seconds .

========================================================================
Received Import Request.
  Time since last request: 0.000812 seconds.
  path: Assets/KajamansRoads/Free/Meshes/l10km_cc4_sl69_t(1212029)_rw12_wh15_n1_RsBtW_MeshV00.asset
  artifactKey: Guid(63d26076eb2a23b48b4f5c8d20edc420) Importer(815301076,1909f56bfc062723c751e8b465ee728b)
Start importing Assets/KajamansRoads/Free/Meshes/l10km_cc4_sl69_t(1212029)_rw12_wh15_n1_RsBtW_MeshV00.asset using Guid(63d26076eb2a23b48b4f5c8d20edc420) Importer(815301076,1909f56bfc062723c751e8b465ee728b)  -> (artifact id: 'a098639e521adaf67e4d28a5afa4023f') in 0.052893 seconds 
  Import took 0.059861 seconds .

========================================================================
Received Import Request.
  Time since last request: 0.000654 seconds.
  path: Assets/KajamansRoads/Free/Meshes/l20km_cc2_sl30_t(401509)_rw28_wh15_n1_RsBTW_MeshV00.asset
  artifactKey: Guid(3b1e9a1c3c2d8434e9886f058cfe2987) Importer(815301076,1909f56bfc062723c751e8b465ee728b)
Start importing Assets/KajamansRoads/Free/Meshes/l20km_cc2_sl30_t(401509)_rw28_wh15_n1_RsBTW_MeshV00.asset using Guid(3b1e9a1c3c2d8434e9886f058cfe2987) Importer(815301076,1909f56bfc062723c751e8b465ee728b)  -> (artifact id: '3ebd7645148aa6e1c1f7affea1b60e2d') in 0.043710 seconds 
  Import took 0.050857 seconds .

========================================================================
Received Import Request.
  Time since last request: 0.000708 seconds.
  path: Assets/KajamansRoads/Free/Meshes/l10km_cc4_sl20_t(12123025)_rw10_wh3_n3_RsBTW_MeshV00.asset
  artifactKey: Guid(47e9acb3c671f804da5ffedf7a4d0b53) Importer(815301076,1909f56bfc062723c751e8b465ee728b)
Start importing Assets/KajamansRoads/Free/Meshes/l10km_cc4_sl20_t(12123025)_rw10_wh3_n3_RsBTW_MeshV00.asset using Guid(47e9acb3c671f804da5ffedf7a4d0b53) Importer(815301076,1909f56bfc062723c751e8b465ee728b)  -> (artifact id: '7995a6bcef5eac6f99060be43010d524') in 0.045408 seconds 
  Import took 0.051200 seconds .

========================================================================
Received Import Request.
  Time since last request: 0.500538 seconds.
  path: Assets/KajamansRoads/Free/Prefabs/l10km_cc4_sl20_t(12123025)_A87113010_Alley.prefab
  artifactKey: Guid(7cc1045a0e531c442bdc048fdfbd1231) Importer(815301076,1909f56bfc062723c751e8b465ee728b)
Start importing Assets/KajamansRoads/Free/Prefabs/l10km_cc4_sl20_t(12123025)_A87113010_Alley.prefab using Guid(7cc1045a0e531c442bdc048fdfbd1231) Importer(815301076,1909f56bfc062723c751e8b465ee728b)  -> (artifact id: 'ade80ebe8283bbfb4c1f242412b2123c') in 0.027675 seconds 
  Import took 0.033385 seconds .

========================================================================
Received Import Request.
  Time since last request: 0.000675 seconds.
  path: Assets/KajamansRoads/Free/Prefabs/l10km_cc4_sl69_t(1212029)_rw12_wh15_n1_RsBtW_MeshV00_m.prefab
  artifactKey: Guid(6becd15d7262243478b14c339313ad72) Importer(815301076,1909f56bfc062723c751e8b465ee728b)
Start importing Assets/KajamansRoads/Free/Prefabs/l10km_cc4_sl69_t(1212029)_rw12_wh15_n1_RsBtW_MeshV00_m.prefab using Guid(6becd15d7262243478b14c339313ad72) Importer(815301076,1909f56bfc062723c751e8b465ee728b)  -> (artifact id: '0a1d108777a347f9500207a81dc39e6f') in 0.054827 seconds 
  Import took 0.060095 seconds .

========================================================================
Received Import Request.
  Time since last request: 0.000781 seconds.
  path: Assets/KajamansRoads/Free/Prefabs/l10km_cc4_sl69_t(1212029)_rw12_wh15_n1_RsBtW_MeshV00.prefab
  artifactKey: Guid(52005168084e10d4998228ecb47015ee) Importer(815301076,1909f56bfc062723c751e8b465ee728b)
Start importing Assets/KajamansRoads/Free/Prefabs/l10km_cc4_sl69_t(1212029)_rw12_wh15_n1_RsBtW_MeshV00.prefab using Guid(52005168084e10d4998228ecb47015ee) Importer(815301076,1909f56bfc062723c751e8b465ee728b)  -> (artifact id: '4fa749b02137163fbbd098f16a5027e0') in 0.061445 seconds 
  Import took 0.068099 seconds .

========================================================================
Received Import Request.
  Time since last request: 0.000693 seconds.
  path: Assets/KajamansRoads/Free/Prefabs/l20km_cc2_sl30_t(401509)_rw28_wh15_n1_RsBTW_MeshV00_m.prefab
  artifactKey: Guid(26419c6407d63bc4abd79bf3d120f522) Importer(815301076,1909f56bfc062723c751e8b465ee728b)
Start importing Assets/KajamansRoads/Free/Prefabs/l20km_cc2_sl30_t(401509)_rw28_wh15_n1_RsBTW_MeshV00_m.prefab using Guid(26419c6407d63bc4abd79bf3d120f522) Importer(815301076,1909f56bfc062723c751e8b465ee728b)  -> (artifact id: '08ab498f3a744f06bc772dab9c1438e5') in 0.052626 seconds 
  Import took 0.058926 seconds .

========================================================================
Received Import Request.
  Time since last request: 0.000710 seconds.
  path: Assets/KajamansRoads/Free/Prefabs/l10km_cc4_sl20_t(12123025)_rw10_wh3_n3_RsBTW_MeshV00.prefab
  artifactKey: Guid(b0f31f923c387984fbd37ef155b98609) Importer(815301076,1909f56bfc062723c751e8b465ee728b)
Start importing Assets/KajamansRoads/Free/Prefabs/l10km_cc4_sl20_t(12123025)_rw10_wh3_n3_RsBTW_MeshV00.prefab using Guid(b0f31f923c387984fbd37ef155b98609) Importer(815301076,1909f56bfc062723c751e8b465ee728b)  -> (artifact id: '2e8443bc0d8f2bc42464fe0b4fc4bfb3') in 0.057615 seconds 
  Import took 0.062275 seconds .

========================================================================
Received Import Request.
  Time since last request: 0.000655 seconds.
  path: Assets/KajamansRoads/Free/Prefabs/l10km_cc4_sl20_t(12123025)_A87113010_Alley_m.prefab
  artifactKey: Guid(7a5fccb891a9c954589776539299e74e) Importer(815301076,1909f56bfc062723c751e8b465ee728b)
Start importing Assets/KajamansRoads/Free/Prefabs/l10km_cc4_sl20_t(12123025)_A87113010_Alley_m.prefab using Guid(7a5fccb891a9c954589776539299e74e) Importer(815301076,1909f56bfc062723c751e8b465ee728b)  -> (artifact id: 'fe59837b5cdd82568f48b0c2d04da495') in 0.035893 seconds 
  Import took 0.043068 seconds .

========================================================================
Received Import Request.
  Time since last request: 0.000627 seconds.
  path: Assets/KajamansRoads/Free/Prefabs/l10km_cc4_sl20_t(12123025)_rw10_wh3_n3_RsBTW_MeshV00_m.prefab
  artifactKey: Guid(6215070e0f160d74998efe50358b3d5e) Importer(815301076,1909f56bfc062723c751e8b465ee728b)
Start importing Assets/KajamansRoads/Free/Prefabs/l10km_cc4_sl20_t(12123025)_rw10_wh3_n3_RsBTW_MeshV00_m.prefab using Guid(6215070e0f160d74998efe50358b3d5e) Importer(815301076,1909f56bfc062723c751e8b465ee728b)  -> (artifact id: '2c6c5c46d296652fc4f4fd6c5d372c7e') in 0.060002 seconds 
  Import took 0.067121 seconds .

========================================================================
Received Import Request.
  Time since last request: 0.000440 seconds.
  path: Assets/KajamansRoads/Free/Prefabs/l20km_cc2_sl30_t(401509)_rw28_wh15_n1_RsBTW_MeshV00.prefab
  artifactKey: Guid(a7e9891f686821e46ade0477d65446f6) Importer(815301076,1909f56bfc062723c751e8b465ee728b)
Start importing Assets/KajamansRoads/Free/Prefabs/l20km_cc2_sl30_t(401509)_rw28_wh15_n1_RsBTW_MeshV00.prefab using Guid(a7e9891f686821e46ade0477d65446f6) Importer(815301076,1909f56bfc062723c751e8b465ee728b)  -> (artifact id: 'c1cbfbe132aa136b36cac657dfffb2ac') in 0.049214 seconds 
  Import took 0.054759 seconds .

========================================================================
Received Import Request.
  Time since last request: 508.492640 seconds.
  path: Assets/KajamansRoads/Free/Obj/l10km_cc4_sl20_t(12123025)_A87113010_Alley.obj
  artifactKey: Guid(fd4a0cb4c013bfe4490ba77940a5a695) Importer(815301076,1909f56bfc062723c751e8b465ee728b)
Start importing Assets/KajamansRoads/Free/Obj/l10km_cc4_sl20_t(12123025)_A87113010_Alley.obj using Guid(fd4a0cb4c013bfe4490ba77940a5a695) Importer(815301076,1909f56bfc062723c751e8b465ee728b)  -> (artifact id: 'de3187764d292fd838a84909f3a2f022') in 0.053560 seconds 
  Import took 0.060458 seconds .

========================================================================
Received Import Request.
  Time since last request: 0.000927 seconds.
  path: Assets/KajamansRoads/Free/Obj/l10km_cc4_sl20_t(12123025)_rw10_wh3_n3_RsBTW_MeshV00.obj
  artifactKey: Guid(acb0fe83f7b0b804eb86c1ddc8f4dbce) Importer(815301076,1909f56bfc062723c751e8b465ee728b)
Start importing Assets/KajamansRoads/Free/Obj/l10km_cc4_sl20_t(12123025)_rw10_wh3_n3_RsBTW_MeshV00.obj using Guid(acb0fe83f7b0b804eb86c1ddc8f4dbce) Importer(815301076,1909f56bfc062723c751e8b465ee728b)  -> (artifact id: '58da5a2a60bb641c8ed7addda524394f') in 0.085707 seconds 
  Import took 0.091218 seconds .

========================================================================
Received Import Request.
  Time since last request: 0.001029 seconds.
  path: Assets/KajamansRoads/Free/Obj/l20km_cc2_sl30_t(401509)_rw28_wh15_n1_RsBTW_MeshV00.obj
  artifactKey: Guid(eaa80a420ac74e04cbd3de2123856495) Importer(815301076,1909f56bfc062723c751e8b465ee728b)
Start importing Assets/KajamansRoads/Free/Obj/l20km_cc2_sl30_t(401509)_rw28_wh15_n1_RsBTW_MeshV00.obj using Guid(eaa80a420ac74e04cbd3de2123856495) Importer(815301076,1909f56bfc062723c751e8b465ee728b)  -> (artifact id: 'ffaff54f394c7ed30994e5232761df3a') in 0.098283 seconds 
  Import took 0.104084 seconds .

========================================================================
Received Import Request.
  Time since last request: 0.000898 seconds.
  path: Assets/KajamansRoads/Free/Obj/l10km_cc4_sl69_t(1212029)_rw12_wh15_n1_RsBtW_MeshV00.obj
  artifactKey: Guid(4d1c0c37730856b4a9a945ffefad4ab3) Importer(815301076,1909f56bfc062723c751e8b465ee728b)
Start importing Assets/KajamansRoads/Free/Obj/l10km_cc4_sl69_t(1212029)_rw12_wh15_n1_RsBtW_MeshV00.obj using Guid(4d1c0c37730856b4a9a945ffefad4ab3) Importer(815301076,1909f56bfc062723c751e8b465ee728b)  -> (artifact id: '1923189be10cadd9bd25ad706e7a4f0d') in 0.082191 seconds 
  Import took 0.088328 seconds .

========================================================================
Received Import Request.
  Time since last request: 410.312595 seconds.
  path: Assets/ARCADE - FREE Racing Car/Prefabs/Free_Racing_Car_Blue.prefab
  artifactKey: Guid(6dfc700a1205ddf49b448178a2b00e98) Importer(815301076,1909f56bfc062723c751e8b465ee728b)
Start importing Assets/ARCADE - FREE Racing Car/Prefabs/Free_Racing_Car_Blue.prefab using Guid(6dfc700a1205ddf49b448178a2b00e98) Importer(815301076,1909f56bfc062723c751e8b465ee728b)  -> (artifact id: 'f6376f57071ee8316a00370c5168c4f1') in 0.047989 seconds 
  Import took 0.056710 seconds .

========================================================================
Received Import Request.
  Time since last request: 1198.784487 seconds.
  path: Assets
  artifactKey: Guid(00000000000000001000000000000000) Importer(815301076,1909f56bfc062723c751e8b465ee728b)
Start importing Assets using Guid(00000000000000001000000000000000) Importer(815301076,1909f56bfc062723c751e8b465ee728b)  -> (artifact id: '42d402b061de3733987d63b9cc3b64de') in 0.011367 seconds 
  Import took 0.018515 seconds .

========================================================================
Received Import Request.
  Time since last request: 8.398513 seconds.
  path: Assets/Codes
  artifactKey: Guid(2d630803f52c3884bb2146c781524e59) Importer(815301076,1909f56bfc062723c751e8b465ee728b)
Start importing Assets/Codes using Guid(2d630803f52c3884bb2146c781524e59) Importer(815301076,1909f56bfc062723c751e8b465ee728b)  -> (artifact id: '1d6b9242cf61474a16b7c616ebc2c411') in 0.008681 seconds 
  Import took 0.014480 seconds .

========================================================================
Received Import Request.
  Time since last request: 11.674208 seconds.
  path: Assets/Codes/ArabaScripts.cs
  artifactKey: Guid(7ef9187f9cf060f4e96bef19383ac4c4) Importer(815301076,1909f56bfc062723c751e8b465ee728b)
Start importing Assets/Codes/ArabaScripts.cs using Guid(7ef9187f9cf060f4e96bef19383ac4c4) Importer(815301076,1909f56bfc062723c751e8b465ee728b)  -> (artifact id: '41618eb8b1ce00d10d950979e622dc1f') in 0.028291 seconds 
  Import took 0.034333 seconds .

========================================================================
Received Prepare
Registering precompiled user dll's ...
Registered in 0.010084 seconds.
Begin MonoManager ReloadAssembly
Native extension for WindowsStandalone target not found
Refreshing native plugins compatible for Editor in 0.57 ms, found 2 plugins.
Preloading 0 native plugins for Editor in 0.00 ms.
Mono: successfully reloaded assembly
- Completed reload, in  2.276 seconds
Domain Reload Profiling:
	ReloadAssembly (2277ms)
		BeginReloadAssembly (289ms)
			ExecutionOrderSort (0ms)
			DisableScriptedObjects (11ms)
			BackupInstance (0ms)
			ReleaseScriptingObjects (0ms)
			CreateAndSetChildDomain (67ms)
		EndReloadAssembly (1807ms)
			LoadAssemblies (281ms)
			RebuildTransferFunctionScriptingTraits (0ms)
			SetupTypeCache (631ms)
			ReleaseScriptCaches (1ms)
			RebuildScriptCaches (92ms)
			SetupLoadedEditorAssemblies (620ms)
				LogAssemblyErrors (0ms)
				InitializePlatformSupportModulesInManaged (9ms)
				SetLoadedEditorAssemblies (1ms)
				RefreshPlugins (1ms)
				BeforeProcessingInitializeOnLoad (127ms)
				ProcessInitializeOnLoadAttributes (447ms)
				ProcessInitializeOnLoadMethodAttributes (19ms)
				AfterProcessingInitializeOnLoad (15ms)
				EditorAssembliesLoaded (0ms)
			ExecutionOrderSort2 (0ms)
			AwakeInstancesAfterBackupRestoration (14ms)
Platform modules already initialized, skipping
Refreshing native plugins compatible for Editor in 0.65 ms, found 2 plugins.
Preloading 0 native plugins for Editor in 0.00 ms.
Unloading 1493 Unused Serialized files (Serialized files now loaded: 0)
System memory in use before: 72.7 MB.
System memory in use after: 72.8 MB.

Unloading 15 unused Assets to reduce memory usage. Loaded Objects now: 1989.
Total: 4.922300 ms (FindLiveObjects: 0.199600 ms CreateObjectMapping: 0.063000 ms MarkObjects: 4.613100 ms  DeleteObjects: 0.045000 ms)

AssetImportParameters requested are different than current active one (requested -> active):
  custom:framework-win-MediaFoundation: 216162199b28c13a410421893ffa2e32 -> 
  custom:video-decoder-ogg-theora: a1e56fd34408186e4bbccfd4996cb3dc -> 
  custom:container-muxer-webm: aa71ff27fc2769a1b78a27578f13a17b -> 
  custom:container-demuxer-webm: 4f35f7cbe854078d1ac9338744f61a02 -> 
  custom:container-demuxer-ogg: 62fdf1f143b41e24485cea50d1cbac27 -> 
  custom:video-encoder-webm-vp8: eb34c28f22e8b96e1ab97ce403110664 -> 
  custom:video-decoder-webm-vp8: 9c59270c3fd7afecdb556c50c9e8de78 -> 
  custom:audio-decoder-ogg-vorbis: bf7c407c2cedff20999df2af8eb42d56 -> 
  custom:audio-encoder-webm-vorbis: bf7c407c2cedff20999df2af8eb42d56 -> 
========================================================================
Received Prepare
Registering precompiled user dll's ...
Registered in 0.013277 seconds.
Begin MonoManager ReloadAssembly
Native extension for WindowsStandalone target not found
Refreshing native plugins compatible for Editor in 0.54 ms, found 2 plugins.
Preloading 0 native plugins for Editor in 0.00 ms.
Mono: successfully reloaded assembly
- Completed reload, in  2.411 seconds
Domain Reload Profiling:
	ReloadAssembly (2412ms)
		BeginReloadAssembly (303ms)
			ExecutionOrderSort (0ms)
			DisableScriptedObjects (9ms)
			BackupInstance (0ms)
			ReleaseScriptingObjects (0ms)
			CreateAndSetChildDomain (68ms)
		EndReloadAssembly (1947ms)
			LoadAssemblies (279ms)
			RebuildTransferFunctionScriptingTraits (0ms)
			SetupTypeCache (772ms)
			ReleaseScriptCaches (1ms)
			RebuildScriptCaches (77ms)
			SetupLoadedEditorAssemblies (685ms)
				LogAssemblyErrors (0ms)
				InitializePlatformSupportModulesInManaged (9ms)
				SetLoadedEditorAssemblies (1ms)
				RefreshPlugins (1ms)
				BeforeProcessingInitializeOnLoad (124ms)
				ProcessInitializeOnLoadAttributes (514ms)
				ProcessInitializeOnLoadMethodAttributes (21ms)
				AfterProcessingInitializeOnLoad (14ms)
				EditorAssembliesLoaded (1ms)
			ExecutionOrderSort2 (0ms)
			AwakeInstancesAfterBackupRestoration (15ms)
Platform modules already initialized, skipping
Refreshing native plugins compatible for Editor in 0.74 ms, found 2 plugins.
Preloading 0 native plugins for Editor in 0.00 ms.
Unloading 1493 Unused Serialized files (Serialized files now loaded: 0)
System memory in use before: 72.8 MB.
System memory in use after: 72.9 MB.

Unloading 14 unused Assets to reduce memory usage. Loaded Objects now: 1991.
Total: 4.932300 ms (FindLiveObjects: 0.212700 ms CreateObjectMapping: 0.070300 ms MarkObjects: 4.568000 ms  DeleteObjects: 0.078900 ms)

AssetImportParameters requested are different than current active one (requested -> active):
  custom:framework-win-MediaFoundation: 216162199b28c13a410421893ffa2e32 -> 
  custom:video-decoder-ogg-theora: a1e56fd34408186e4bbccfd4996cb3dc -> 
  custom:container-muxer-webm: aa71ff27fc2769a1b78a27578f13a17b -> 
  custom:container-demuxer-webm: 4f35f7cbe854078d1ac9338744f61a02 -> 
  custom:container-demuxer-ogg: 62fdf1f143b41e24485cea50d1cbac27 -> 
  custom:video-encoder-webm-vp8: eb34c28f22e8b96e1ab97ce403110664 -> 
  custom:video-decoder-webm-vp8: 9c59270c3fd7afecdb556c50c9e8de78 -> 
  custom:audio-decoder-ogg-vorbis: bf7c407c2cedff20999df2af8eb42d56 -> 
  custom:audio-encoder-webm-vorbis: bf7c407c2cedff20999df2af8eb42d56 -> 
========================================================================
Received Import Request.
  Time since last request: 438.552683 seconds.
  path: Assets/Codes/ArabaScripts.cs
  artifactKey: Guid(7ef9187f9cf060f4e96bef19383ac4c4) Importer(815301076,1909f56bfc062723c751e8b465ee728b)
Start importing Assets/Codes/ArabaScripts.cs using Guid(7ef9187f9cf060f4e96bef19383ac4c4) Importer(815301076,1909f56bfc062723c751e8b465ee728b)  -> (artifact id: '516c10bb0c98af95df07df2e5b1a9aec') in 0.011452 seconds 
  Import took 0.016665 seconds .

========================================================================
Received Prepare
Registering precompiled user dll's ...
Registered in 0.009928 seconds.
Begin MonoManager ReloadAssembly
Native extension for WindowsStandalone target not found
Refreshing native plugins compatible for Editor in 0.52 ms, found 2 plugins.
Preloading 0 native plugins for Editor in 0.00 ms.
Mono: successfully reloaded assembly
- Completed reload, in  2.273 seconds
Domain Reload Profiling:
	ReloadAssembly (2274ms)
		BeginReloadAssembly (267ms)
			ExecutionOrderSort (0ms)
			DisableScriptedObjects (14ms)
			BackupInstance (0ms)
			ReleaseScriptingObjects (0ms)
			CreateAndSetChildDomain (67ms)
		EndReloadAssembly (1848ms)
			LoadAssemblies (241ms)
			RebuildTransferFunctionScriptingTraits (0ms)
			SetupTypeCache (736ms)
			ReleaseScriptCaches (1ms)
			RebuildScriptCaches (77ms)
			SetupLoadedEditorAssemblies (593ms)
				LogAssemblyErrors (0ms)
				InitializePlatformSupportModulesInManaged (11ms)
				SetLoadedEditorAssemblies (1ms)
				RefreshPlugins (1ms)
				BeforeProcessingInitializeOnLoad (122ms)
				ProcessInitializeOnLoadAttributes (412ms)
				ProcessInitializeOnLoadMethodAttributes (26ms)
				AfterProcessingInitializeOnLoad (18ms)
				EditorAssembliesLoaded (1ms)
			ExecutionOrderSort2 (0ms)
			AwakeInstancesAfterBackupRestoration (20ms)
Platform modules already initialized, skipping
Refreshing native plugins compatible for Editor in 0.70 ms, found 2 plugins.
Preloading 0 native plugins for Editor in 0.00 ms.
Unloading 1493 Unused Serialized files (Serialized files now loaded: 0)
System memory in use before: 72.8 MB.
System memory in use after: 72.9 MB.

Unloading 14 unused Assets to reduce memory usage. Loaded Objects now: 1993.
Total: 5.228800 ms (FindLiveObjects: 0.203900 ms CreateObjectMapping: 0.070100 ms MarkObjects: 4.883900 ms  DeleteObjects: 0.068600 ms)

AssetImportParameters requested are different than current active one (requested -> active):
  custom:framework-win-MediaFoundation: 216162199b28c13a410421893ffa2e32 -> 
  custom:video-decoder-ogg-theora: a1e56fd34408186e4bbccfd4996cb3dc -> 
  custom:container-muxer-webm: aa71ff27fc2769a1b78a27578f13a17b -> 
  custom:container-demuxer-webm: 4f35f7cbe854078d1ac9338744f61a02 -> 
  custom:container-demuxer-ogg: 62fdf1f143b41e24485cea50d1cbac27 -> 
  custom:video-encoder-webm-vp8: eb34c28f22e8b96e1ab97ce403110664 -> 
  custom:video-decoder-webm-vp8: 9c59270c3fd7afecdb556c50c9e8de78 -> 
  custom:audio-decoder-ogg-vorbis: bf7c407c2cedff20999df2af8eb42d56 -> 
  custom:audio-encoder-webm-vorbis: bf7c407c2cedff20999df2af8eb42d56 -> 
========================================================================
Received Prepare
Registering precompiled user dll's ...
Registered in 0.011751 seconds.
Begin MonoManager ReloadAssembly
Native extension for WindowsStandalone target not found
Refreshing native plugins compatible for Editor in 0.62 ms, found 2 plugins.
Preloading 0 native plugins for Editor in 0.00 ms.
Mono: successfully reloaded assembly
- Completed reload, in  2.367 seconds
Domain Reload Profiling:
	ReloadAssembly (2368ms)
		BeginReloadAssembly (345ms)
			ExecutionOrderSort (0ms)
			DisableScriptedObjects (20ms)
			BackupInstance (0ms)
			ReleaseScriptingObjects (0ms)
			CreateAndSetChildDomain (68ms)
		EndReloadAssembly (1834ms)
			LoadAssemblies (310ms)
			RebuildTransferFunctionScriptingTraits (0ms)
			SetupTypeCache (650ms)
			ReleaseScriptCaches (2ms)
			RebuildScriptCaches (86ms)
			SetupLoadedEditorAssemblies (688ms)
				LogAssemblyErrors (0ms)
				InitializePlatformSupportModulesInManaged (11ms)
				SetLoadedEditorAssemblies (1ms)
				RefreshPlugins (1ms)
				BeforeProcessingInitializeOnLoad (151ms)
				ProcessInitializeOnLoadAttributes (486ms)
				ProcessInitializeOnLoadMethodAttributes (21ms)
				AfterProcessingInitializeOnLoad (17ms)
				EditorAssembliesLoaded (0ms)
			ExecutionOrderSort2 (0ms)
			AwakeInstancesAfterBackupRestoration (15ms)
Platform modules already initialized, skipping
Refreshing native plugins compatible for Editor in 0.64 ms, found 2 plugins.
Preloading 0 native plugins for Editor in 0.00 ms.
Unloading 1493 Unused Serialized files (Serialized files now loaded: 0)
System memory in use before: 72.8 MB.
System memory in use after: 72.9 MB.

Unloading 14 unused Assets to reduce memory usage. Loaded Objects now: 1995.
Total: 5.509200 ms (FindLiveObjects: 0.221200 ms CreateObjectMapping: 0.074200 ms MarkObjects: 5.173700 ms  DeleteObjects: 0.037400 ms)

AssetImportParameters requested are different than current active one (requested -> active):
  custom:framework-win-MediaFoundation: 216162199b28c13a410421893ffa2e32 -> 
  custom:video-decoder-ogg-theora: a1e56fd34408186e4bbccfd4996cb3dc -> 
  custom:container-muxer-webm: aa71ff27fc2769a1b78a27578f13a17b -> 
  custom:container-demuxer-webm: 4f35f7cbe854078d1ac9338744f61a02 -> 
  custom:container-demuxer-ogg: 62fdf1f143b41e24485cea50d1cbac27 -> 
  custom:video-encoder-webm-vp8: eb34c28f22e8b96e1ab97ce403110664 -> 
  custom:video-decoder-webm-vp8: 9c59270c3fd7afecdb556c50c9e8de78 -> 
  custom:audio-decoder-ogg-vorbis: bf7c407c2cedff20999df2af8eb42d56 -> 
  custom:audio-encoder-webm-vorbis: bf7c407c2cedff20999df2af8eb42d56 -> 
AssetImportWorkerClient::OnTransportError - code=2 error=End of file
